<?xml version="1.0" encoding="UTF-8"?>
<!-- Generated by org.testng.reporters.JUnitReportReporter -->
<testsuite skipped="0" hostname="INVIND559" name="Testng.NewTest" tests="1" failures="0" timestamp="2021-08-19T07:10:57 BST" time="0.006" errors="0">
  <testcase name="f" time="0.006" classname="Testng.NewTest"/>
  <system-out/>
</testsuite> <!-- Testng.NewTest -->
