<?xml version="1.0" encoding="UTF-8"?>
<!-- Generated by org.testng.reporters.JUnitReportReporter -->
<testsuite skipped="0" hostname="INVIND559" name="SharePriceCenter.TestHelloworld" tests="1" failures="0" timestamp="2021-08-02T12:26:21 BST" time="0.003" errors="0">
  <testcase name="testhelloworld" time="0.003" classname="SharePriceCenter.TestHelloworld"/>
  <system-out/>
</testsuite> <!-- SharePriceCenter.TestHelloworld -->
